::1 - - [12/Nov/2020:13:01:22 +0000] "GET / HTTP/1.1" 304 - "-" "Mozilla/5.0 (Macintosh; Intel Mac OS X 10_15_6) AppleWebKit/537.36 (KHTML, like Gecko) Chrome/86.0.4240.183 Safari/537.36"
::1 - - [16/Nov/2020:11:54:58 +0000] "GET / HTTP/1.1" 200 - "-" "Mozilla/5.0 (Macintosh; Intel Mac OS X 10_15_6) AppleWebKit/537.36 (KHTML, like Gecko) Chrome/86.0.4240.183 Safari/537.36"
::1 - - [16/Nov/2020:11:55:01 +0000] "GET /admin/articles HTTP/1.1" 200 - "-" "Mozilla/5.0 (Macintosh; Intel Mac OS X 10_15_6) AppleWebKit/537.36 (KHTML, like Gecko) Chrome/86.0.4240.183 Safari/537.36"
::1 - - [16/Nov/2020:11:55:03 +0000] "GET /admin/article/5f5bbec4b331238489637858 HTTP/1.1" 200 - "-" "Mozilla/5.0 (Macintosh; Intel Mac OS X 10_15_6) AppleWebKit/537.36 (KHTML, like Gecko) Chrome/86.0.4240.183 Safari/537.36"
::1 - - [16/Nov/2020:11:55:14 +0000] "POST /api/get-article-by-source-url HTTP/1.1" 200 293 "-" "Mozilla/5.0 (Macintosh; Intel Mac OS X 10_15_6) AppleWebKit/537.36 (KHTML, like Gecko) Chrome/86.0.4240.183 Safari/537.36"
::1 - - [16/Nov/2020:11:55:14 +0000] "POST /api/update-article HTTP/1.1" 200 358 "-" "Mozilla/5.0 (Macintosh; Intel Mac OS X 10_15_6) AppleWebKit/537.36 (KHTML, like Gecko) Chrome/86.0.4240.183 Safari/537.36"
::1 - - [16/Nov/2020:11:55:14 +0000] "GET /admin/articles HTTP/1.1" 304 - "-" "Mozilla/5.0 (Macintosh; Intel Mac OS X 10_15_6) AppleWebKit/537.36 (KHTML, like Gecko) Chrome/86.0.4240.183 Safari/537.36"
::1 - - [16/Nov/2020:12:34:02 +0000] "GET /admin/articles HTTP/1.1" 304 - "-" "Mozilla/5.0 (Macintosh; Intel Mac OS X 10_15_6) AppleWebKit/537.36 (KHTML, like Gecko) Chrome/86.0.4240.183 Safari/537.36"
::1 - - [16/Nov/2020:12:34:04 +0000] "GET /admin/article/5f5bbec4b331238489637858 HTTP/1.1" 304 - "-" "Mozilla/5.0 (Macintosh; Intel Mac OS X 10_15_6) AppleWebKit/537.36 (KHTML, like Gecko) Chrome/86.0.4240.183 Safari/537.36"
::1 - - [16/Nov/2020:12:34:21 +0000] "GET /admin/article/5f5bbec4b331238489637858 HTTP/1.1" 304 - "-" "Mozilla/5.0 (Macintosh; Intel Mac OS X 10_15_6) AppleWebKit/537.36 (KHTML, like Gecko) Chrome/86.0.4240.183 Safari/537.36"
::1 - - [16/Nov/2020:12:34:22 +0000] "GET /admin/article/5f5bbec4b331238489637858 HTTP/1.1" 304 - "-" "Mozilla/5.0 (Macintosh; Intel Mac OS X 10_15_6) AppleWebKit/537.36 (KHTML, like Gecko) Chrome/86.0.4240.183 Safari/537.36"
::1 - - [16/Nov/2020:12:36:06 +0000] "GET /admin/article/5f5bbec4b331238489637858 HTTP/1.1" 200 - "-" "Mozilla/5.0 (Linux; Android 6.0; Nexus 5 Build/MRA58N) AppleWebKit/537.36 (KHTML, like Gecko) Chrome/86.0.4240.183 Mobile Safari/537.36"
::1 - - [16/Nov/2020:13:14:56 +0000] "GET /admin/article/5f5bbec4b331238489637858 HTTP/1.1" 304 - "-" "Mozilla/5.0 (Macintosh; Intel Mac OS X 10_15_6) AppleWebKit/537.36 (KHTML, like Gecko) Chrome/86.0.4240.183 Safari/537.36"
::1 - - [16/Nov/2020:13:15:15 +0000] "POST /api/get-article-by-source-url HTTP/1.1" 200 293 "-" "Mozilla/5.0 (Macintosh; Intel Mac OS X 10_15_6) AppleWebKit/537.36 (KHTML, like Gecko) Chrome/86.0.4240.183 Safari/537.36"
::1 - - [16/Nov/2020:13:15:15 +0000] "POST /api/update-article HTTP/1.1" 200 359 "-" "Mozilla/5.0 (Macintosh; Intel Mac OS X 10_15_6) AppleWebKit/537.36 (KHTML, like Gecko) Chrome/86.0.4240.183 Safari/537.36"
::1 - - [16/Nov/2020:13:15:15 +0000] "GET /admin/articles HTTP/1.1" 304 - "-" "Mozilla/5.0 (Macintosh; Intel Mac OS X 10_15_6) AppleWebKit/537.36 (KHTML, like Gecko) Chrome/86.0.4240.183 Safari/537.36"
::1 - - [16/Nov/2020:13:25:10 +0000] "GET /admin/articles HTTP/1.1" 304 - "-" "Mozilla/5.0 (Macintosh; Intel Mac OS X 10_15_6) AppleWebKit/537.36 (KHTML, like Gecko) Chrome/86.0.4240.183 Safari/537.36"
::1 - - [16/Nov/2020:13:25:12 +0000] "GET /admin/article/5f5bbec4b331238489637858 HTTP/1.1" 304 - "-" "Mozilla/5.0 (Macintosh; Intel Mac OS X 10_15_6) AppleWebKit/537.36 (KHTML, like Gecko) Chrome/86.0.4240.183 Safari/537.36"
::1 - - [16/Nov/2020:13:25:13 +0000] "GET /admin/article/5f5bbec4b331238489637858 HTTP/1.1" 304 - "-" "Mozilla/5.0 (Macintosh; Intel Mac OS X 10_15_6) AppleWebKit/537.36 (KHTML, like Gecko) Chrome/86.0.4240.183 Safari/537.36"
::1 - - [16/Nov/2020:13:25:23 +0000] "POST /api/get-article-by-source-url HTTP/1.1" 200 293 "-" "Mozilla/5.0 (Macintosh; Intel Mac OS X 10_15_6) AppleWebKit/537.36 (KHTML, like Gecko) Chrome/86.0.4240.183 Safari/537.36"
::1 - - [16/Nov/2020:13:25:23 +0000] "POST /api/update-article HTTP/1.1" 200 358 "-" "Mozilla/5.0 (Macintosh; Intel Mac OS X 10_15_6) AppleWebKit/537.36 (KHTML, like Gecko) Chrome/86.0.4240.183 Safari/537.36"
::1 - - [16/Nov/2020:13:25:23 +0000] "GET /admin/articles HTTP/1.1" 304 - "-" "Mozilla/5.0 (Macintosh; Intel Mac OS X 10_15_6) AppleWebKit/537.36 (KHTML, like Gecko) Chrome/86.0.4240.183 Safari/537.36"
::1 - - [16/Nov/2020:20:30:00 +0000] "GET / HTTP/1.1" 304 - "-" "Mozilla/5.0 (Macintosh; Intel Mac OS X 10_15_6) AppleWebKit/537.36 (KHTML, like Gecko) Chrome/86.0.4240.193 Safari/537.36"
::1 - - [16/Nov/2020:20:30:01 +0000] "GET /favicon.ico HTTP/1.1" 404 150 "-" "Mozilla/5.0 (Macintosh; Intel Mac OS X 10_15_6) AppleWebKit/537.36 (KHTML, like Gecko) Chrome/86.0.4240.193 Safari/537.36"
::1 - - [16/Nov/2020:20:30:03 +0000] "GET /admin/articles HTTP/1.1" 304 - "-" "Mozilla/5.0 (Macintosh; Intel Mac OS X 10_15_6) AppleWebKit/537.36 (KHTML, like Gecko) Chrome/86.0.4240.193 Safari/537.36"
::1 - - [16/Nov/2020:20:30:06 +0000] "GET /admin/article/5f5bbec4b331238489637858 HTTP/1.1" 304 - "-" "Mozilla/5.0 (Macintosh; Intel Mac OS X 10_15_6) AppleWebKit/537.36 (KHTML, like Gecko) Chrome/86.0.4240.193 Safari/537.36"
::1 - - [16/Nov/2020:20:30:14 +0000] "GET /admin/article/5f5bbec4b331238489637858?articleId=5f5bbec4b331238489637858&channel=5f5391a96e3ee25e2e88cce9&articleSourceName=Donald+Trump+coronavirus+bob+woodward+book&articleSourceURL=https%3A%2F%2Fedition.cnn.com%2F2020%2F09%2F10%2Fpolitics%2Fdonald-trump-coronavirus-bob-woodward-book%2Findex.html&hiddenArticleSourceURL=https%3A%2F%2Fedition.cnn.com%2F2020%2F09%2F10%2Fpolitics%2Fdonald-trump-coronavirus-bob-woodward-book%2Findex.html&articleImage=Screenshot+2020-11-16+at+12.29.17.png HTTP/1.1" 200 - "-" "Mozilla/5.0 (Macintosh; Intel Mac OS X 10_15_6) AppleWebKit/537.36 (KHTML, like Gecko) Chrome/86.0.4240.193 Safari/537.36"
::1 - - [16/Nov/2020:20:33:15 +0000] "GET /admin/article/5f5bbec4b331238489637858?articleId=5f5bbec4b331238489637858&channel=5f5391a96e3ee25e2e88cce9&articleSourceName=Donald+Trump+coronavirus+bob+woodward+book&articleSourceURL=https%3A%2F%2Fedition.cnn.com%2F2020%2F09%2F10%2Fpolitics%2Fdonald-trump-coronavirus-bob-woodward-book%2Findex.html&hiddenArticleSourceURL=https%3A%2F%2Fedition.cnn.com%2F2020%2F09%2F10%2Fpolitics%2Fdonald-trump-coronavirus-bob-woodward-book%2Findex.html&articleImage=Screenshot+2020-11-16+at+12.29.17.png HTTP/1.1" 304 - "-" "Mozilla/5.0 (Macintosh; Intel Mac OS X 10_15_6) AppleWebKit/537.36 (KHTML, like Gecko) Chrome/86.0.4240.193 Safari/537.36"
::1 - - [16/Nov/2020:20:33:16 +0000] "GET /admin/article/5f5bbec4b331238489637858?articleId=5f5bbec4b331238489637858&channel=5f5391a96e3ee25e2e88cce9&articleSourceName=Donald+Trump+coronavirus+bob+woodward+book&articleSourceURL=https%3A%2F%2Fedition.cnn.com%2F2020%2F09%2F10%2Fpolitics%2Fdonald-trump-coronavirus-bob-woodward-book%2Findex.html&hiddenArticleSourceURL=https%3A%2F%2Fedition.cnn.com%2F2020%2F09%2F10%2Fpolitics%2Fdonald-trump-coronavirus-bob-woodward-book%2Findex.html&articleImage= HTTP/1.1" 200 - "-" "Mozilla/5.0 (Macintosh; Intel Mac OS X 10_15_6) AppleWebKit/537.36 (KHTML, like Gecko) Chrome/86.0.4240.193 Safari/537.36"
::1 - - [16/Nov/2020:20:33:20 +0000] "GET /admin/article/5f5bbec4b331238489637858?articleId=5f5bbec4b331238489637858&channel=5f5391a96e3ee25e2e88cce9&articleSourceName=Donald+Trump+coronavirus+bob+woodward+book&articleSourceURL=https%3A%2F%2Fedition.cnn.com%2F2020%2F09%2F10%2Fpolitics%2Fdonald-trump-coronavirus-bob-woodward-book%2Findex.html&hiddenArticleSourceURL=https%3A%2F%2Fedition.cnn.com%2F2020%2F09%2F10%2Fpolitics%2Fdonald-trump-coronavirus-bob-woodward-book%2Findex.html&articleImage=Screenshot+2020-11-16+at+12.29.17.png HTTP/1.1" 304 - "-" "Mozilla/5.0 (Macintosh; Intel Mac OS X 10_15_6) AppleWebKit/537.36 (KHTML, like Gecko) Chrome/86.0.4240.193 Safari/537.36"
::1 - - [16/Nov/2020:20:36:15 +0000] "GET /admin/article/5f5bbec4b331238489637858?articleId=5f5bbec4b331238489637858&channel=5f5391a96e3ee25e2e88cce9&articleSourceName=Donald+Trump+coronavirus+bob+woodward+book&articleSourceURL=https%3A%2F%2Fedition.cnn.com%2F2020%2F09%2F10%2Fpolitics%2Fdonald-trump-coronavirus-bob-woodward-book%2Findex.html&hiddenArticleSourceURL=https%3A%2F%2Fedition.cnn.com%2F2020%2F09%2F10%2Fpolitics%2Fdonald-trump-coronavirus-bob-woodward-book%2Findex.html&articleImage=Screenshot+2020-11-16+at+12.29.17.png HTTP/1.1" 304 - "-" "Mozilla/5.0 (Linux; Android 6.0; Nexus 5 Build/MRA58N) AppleWebKit/537.36 (KHTML, like Gecko) Chrome/86.0.4240.193 Mobile Safari/537.36"
::1 - - [16/Nov/2020:20:36:19 +0000] "GET /admin/article/5f5bbec4b331238489637858?articleId=5f5bbec4b331238489637858&channel=5f5391a96e3ee25e2e88cce9&articleSourceName=Donald+Trump+coronavirus+bob+woodward+book&articleSourceURL=https%3A%2F%2Fedition.cnn.com%2F2020%2F09%2F10%2Fpolitics%2Fdonald-trump-coronavirus-bob-woodward-book%2Findex.html&hiddenArticleSourceURL=https%3A%2F%2Fedition.cnn.com%2F2020%2F09%2F10%2Fpolitics%2Fdonald-trump-coronavirus-bob-woodward-book%2Findex.html&articleImage=Screenshot+2020-11-16+at+12.29.17.png HTTP/1.1" 304 - "-" "Mozilla/5.0 (Linux; Android 6.0; Nexus 5 Build/MRA58N) AppleWebKit/537.36 (KHTML, like Gecko) Chrome/86.0.4240.193 Mobile Safari/537.36"
::1 - - [16/Nov/2020:20:36:27 +0000] "GET /api/sign-s3?fileName=Screenshot%202020-11-16%20at%2012.29.17.png&fileType=image/png HTTP/1.1" 404 150 "-" "Mozilla/5.0 (Linux; Android 6.0; Nexus 5 Build/MRA58N) AppleWebKit/537.36 (KHTML, like Gecko) Chrome/86.0.4240.193 Mobile Safari/537.36"
::1 - - [16/Nov/2020:20:39:15 +0000] "GET /admin/article/5f5bbec4b331238489637858?articleId=5f5bbec4b331238489637858&channel=5f5391a96e3ee25e2e88cce9&articleSourceName=Donald+Trump+coronavirus+bob+woodward+book&articleSourceURL=https%3A%2F%2Fedition.cnn.com%2F2020%2F09%2F10%2Fpolitics%2Fdonald-trump-coronavirus-bob-woodward-book%2Findex.html&hiddenArticleSourceURL=https%3A%2F%2Fedition.cnn.com%2F2020%2F09%2F10%2Fpolitics%2Fdonald-trump-coronavirus-bob-woodward-book%2Findex.html&articleImage=Screenshot+2020-11-16+at+12.29.17.png HTTP/1.1" 304 - "-" "Mozilla/5.0 (Linux; Android 6.0; Nexus 5 Build/MRA58N) AppleWebKit/537.36 (KHTML, like Gecko) Chrome/86.0.4240.193 Mobile Safari/537.36"
::1 - - [16/Nov/2020:20:39:25 +0000] "GET /api/sign-s3?fileName=Screenshot%202020-11-16%20at%2012.29.17.png&fileType=image/png HTTP/1.1" 200 352 "-" "Mozilla/5.0 (Linux; Android 6.0; Nexus 5 Build/MRA58N) AppleWebKit/537.36 (KHTML, like Gecko) Chrome/86.0.4240.193 Mobile Safari/537.36"
::1 - - [16/Nov/2020:20:50:32 +0000] "GET /admin/article/5f5bbec4b331238489637858?articleId=5f5bbec4b331238489637858&channel=5f5391a96e3ee25e2e88cce9&articleSourceName=Donald+Trump+coronavirus+bob+woodward+book&articleSourceURL=https%3A%2F%2Fedition.cnn.com%2F2020%2F09%2F10%2Fpolitics%2Fdonald-trump-coronavirus-bob-woodward-book%2Findex.html&hiddenArticleSourceURL=https%3A%2F%2Fedition.cnn.com%2F2020%2F09%2F10%2Fpolitics%2Fdonald-trump-coronavirus-bob-woodward-book%2Findex.html&articleImage=Screenshot+2020-11-16+at+12.29.17.png HTTP/1.1" 304 - "-" "Mozilla/5.0 (Linux; Android 6.0; Nexus 5 Build/MRA58N) AppleWebKit/537.36 (KHTML, like Gecko) Chrome/86.0.4240.193 Mobile Safari/537.36"
::1 - - [16/Nov/2020:20:50:39 +0000] "GET /api/sign-s3?fileName=Screenshot%202020-11-16%20at%2012.29.17.png&fileType=image/png HTTP/1.1" 200 352 "-" "Mozilla/5.0 (Linux; Android 6.0; Nexus 5 Build/MRA58N) AppleWebKit/537.36 (KHTML, like Gecko) Chrome/86.0.4240.193 Mobile Safari/537.36"
::1 - - [16/Nov/2020:20:54:27 +0000] "GET /admin/article/5f5bbec4b331238489637858?articleId=5f5bbec4b331238489637858&channel=5f5391a96e3ee25e2e88cce9&articleSourceName=Donald+Trump+coronavirus+bob+woodward+book&articleSourceURL=https%3A%2F%2Fedition.cnn.com%2F2020%2F09%2F10%2Fpolitics%2Fdonald-trump-coronavirus-bob-woodward-book%2Findex.html&hiddenArticleSourceURL=https%3A%2F%2Fedition.cnn.com%2F2020%2F09%2F10%2Fpolitics%2Fdonald-trump-coronavirus-bob-woodward-book%2Findex.html&articleImage=Screenshot+2020-11-16+at+12.29.17.png HTTP/1.1" 304 - "-" "Mozilla/5.0 (Linux; Android 6.0; Nexus 5 Build/MRA58N) AppleWebKit/537.36 (KHTML, like Gecko) Chrome/86.0.4240.193 Mobile Safari/537.36"
::1 - - [16/Nov/2020:20:54:40 +0000] "GET /api/sign-s3?fileName=Screenshot%202020-11-16%20at%2012.29.17.png&fileType=image/png HTTP/1.1" 200 351 "-" "Mozilla/5.0 (Linux; Android 6.0; Nexus 5 Build/MRA58N) AppleWebKit/537.36 (KHTML, like Gecko) Chrome/86.0.4240.193 Mobile Safari/537.36"
::1 - - [16/Nov/2020:21:07:37 +0000] "GET /admin/article/5f5bbec4b331238489637858?articleId=5f5bbec4b331238489637858&channel=5f5391a96e3ee25e2e88cce9&articleSourceName=Donald+Trump+coronavirus+bob+woodward+book&articleSourceURL=https%3A%2F%2Fedition.cnn.com%2F2020%2F09%2F10%2Fpolitics%2Fdonald-trump-coronavirus-bob-woodward-book%2Findex.html&hiddenArticleSourceURL=https%3A%2F%2Fedition.cnn.com%2F2020%2F09%2F10%2Fpolitics%2Fdonald-trump-coronavirus-bob-woodward-book%2Findex.html&articleImage=Screenshot+2020-11-16+at+12.29.17.png HTTP/1.1" 304 - "-" "Mozilla/5.0 (Macintosh; Intel Mac OS X 10_15_6) AppleWebKit/537.36 (KHTML, like Gecko) Chrome/86.0.4240.193 Safari/537.36"
::1 - - [16/Nov/2020:21:07:42 +0000] "GET /api/sign-s3?fileName=Screenshot%202020-11-16%20at%2012.29.17.png&fileType=image/png HTTP/1.1" 200 353 "-" "Mozilla/5.0 (Macintosh; Intel Mac OS X 10_15_6) AppleWebKit/537.36 (KHTML, like Gecko) Chrome/86.0.4240.193 Safari/537.36"
::1 - - [16/Nov/2020:21:08:02 +0000] "GET /admin/article/5f5bbec4b331238489637858?articleId=5f5bbec4b331238489637858&channel=5f5391a96e3ee25e2e88cce9&articleSourceName=Donald+Trump+coronavirus+bob+woodward+book&articleSourceURL=https%3A%2F%2Fedition.cnn.com%2F2020%2F09%2F10%2Fpolitics%2Fdonald-trump-coronavirus-bob-woodward-book%2Findex.html&hiddenArticleSourceURL=https%3A%2F%2Fedition.cnn.com%2F2020%2F09%2F10%2Fpolitics%2Fdonald-trump-coronavirus-bob-woodward-book%2Findex.html&articleImage=Screenshot+2020-11-16+at+12.29.17.png HTTP/1.1" 304 - "-" "Mozilla/5.0 (Linux; Android 6.0; Nexus 5 Build/MRA58N) AppleWebKit/537.36 (KHTML, like Gecko) Chrome/86.0.4240.193 Mobile Safari/537.36"
::1 - - [16/Nov/2020:21:08:16 +0000] "GET /api/sign-s3?fileName=Screenshot%202020-11-16%20at%2012.29.17.png&fileType=image/png HTTP/1.1" 200 356 "-" "Mozilla/5.0 (Linux; Android 6.0; Nexus 5 Build/MRA58N) AppleWebKit/537.36 (KHTML, like Gecko) Chrome/86.0.4240.193 Mobile Safari/537.36"
::1 - - [16/Nov/2020:21:13:37 +0000] "GET /admin/article/5f5bbec4b331238489637858?articleId=5f5bbec4b331238489637858&channel=5f5391a96e3ee25e2e88cce9&articleSourceName=Donald+Trump+coronavirus+bob+woodward+book&articleSourceURL=https%3A%2F%2Fedition.cnn.com%2F2020%2F09%2F10%2Fpolitics%2Fdonald-trump-coronavirus-bob-woodward-book%2Findex.html&hiddenArticleSourceURL=https%3A%2F%2Fedition.cnn.com%2F2020%2F09%2F10%2Fpolitics%2Fdonald-trump-coronavirus-bob-woodward-book%2Findex.html&articleImage=Screenshot+2020-11-16+at+12.29.17.png HTTP/1.1" 304 - "-" "Mozilla/5.0 (Linux; Android 6.0; Nexus 5 Build/MRA58N) AppleWebKit/537.36 (KHTML, like Gecko) Chrome/86.0.4240.193 Mobile Safari/537.36"
::1 - - [16/Nov/2020:21:13:43 +0000] "GET /api/sign-s3?fileName=Screenshot%202020-11-16%20at%2012.29.17.png&fileType=image/png HTTP/1.1" 200 356 "-" "Mozilla/5.0 (Linux; Android 6.0; Nexus 5 Build/MRA58N) AppleWebKit/537.36 (KHTML, like Gecko) Chrome/86.0.4240.193 Mobile Safari/537.36"
::1 - - [16/Nov/2020:21:19:03 +0000] "GET /admin/article/5f5bbec4b331238489637858?articleId=5f5bbec4b331238489637858&channel=5f5391a96e3ee25e2e88cce9&articleSourceName=Donald+Trump+coronavirus+bob+woodward+book&articleSourceURL=https%3A%2F%2Fedition.cnn.com%2F2020%2F09%2F10%2Fpolitics%2Fdonald-trump-coronavirus-bob-woodward-book%2Findex.html&hiddenArticleSourceURL=https%3A%2F%2Fedition.cnn.com%2F2020%2F09%2F10%2Fpolitics%2Fdonald-trump-coronavirus-bob-woodward-book%2Findex.html&articleImage=Screenshot+2020-11-16+at+12.29.17.png HTTP/1.1" 304 - "-" "Mozilla/5.0 (Linux; Android 6.0; Nexus 5 Build/MRA58N) AppleWebKit/537.36 (KHTML, like Gecko) Chrome/86.0.4240.193 Mobile Safari/537.36"
::1 - - [16/Nov/2020:21:19:09 +0000] "GET /api/sign-s3?fileName=Screenshot%202020-11-16%20at%2012.29.17.png&fileType=image/png HTTP/1.1" 200 358 "-" "Mozilla/5.0 (Linux; Android 6.0; Nexus 5 Build/MRA58N) AppleWebKit/537.36 (KHTML, like Gecko) Chrome/86.0.4240.193 Mobile Safari/537.36"
::1 - - [16/Nov/2020:21:37:17 +0000] "GET /admin/article/5f5bbec4b331238489637858?articleId=5f5bbec4b331238489637858&channel=5f5391a96e3ee25e2e88cce9&articleSourceName=Donald+Trump+coronavirus+bob+woodward+book&articleSourceURL=https%3A%2F%2Fedition.cnn.com%2F2020%2F09%2F10%2Fpolitics%2Fdonald-trump-coronavirus-bob-woodward-book%2Findex.html&hiddenArticleSourceURL=https%3A%2F%2Fedition.cnn.com%2F2020%2F09%2F10%2Fpolitics%2Fdonald-trump-coronavirus-bob-woodward-book%2Findex.html&articleImage=Screenshot+2020-11-16+at+12.29.17.png HTTP/1.1" 304 - "-" "Mozilla/5.0 (Linux; Android 6.0; Nexus 5 Build/MRA58N) AppleWebKit/537.36 (KHTML, like Gecko) Chrome/86.0.4240.193 Mobile Safari/537.36"
::1 - - [16/Nov/2020:21:38:53 +0000] "GET /admin/article/5f5bbec4b331238489637858?articleId=5f5bbec4b331238489637858&channel=5f5391a96e3ee25e2e88cce9&articleSourceName=Donald+Trump+coronavirus+bob+woodward+book&articleSourceURL=https%3A%2F%2Fedition.cnn.com%2F2020%2F09%2F10%2Fpolitics%2Fdonald-trump-coronavirus-bob-woodward-book%2Findex.html&hiddenArticleSourceURL=https%3A%2F%2Fedition.cnn.com%2F2020%2F09%2F10%2Fpolitics%2Fdonald-trump-coronavirus-bob-woodward-book%2Findex.html&articleImage=Screenshot+2020-11-16+at+12.29.17.png HTTP/1.1" 304 - "-" "Mozilla/5.0 (Linux; Android 6.0; Nexus 5 Build/MRA58N) AppleWebKit/537.36 (KHTML, like Gecko) Chrome/86.0.4240.193 Mobile Safari/537.36"
::1 - - [16/Nov/2020:21:42:26 +0000] "GET /admin/article/5f5bbec4b331238489637858?articleId=5f5bbec4b331238489637858&channel=5f5391a96e3ee25e2e88cce9&articleSourceName=Donald+Trump+coronavirus+bob+woodward+book&articleSourceURL=https%3A%2F%2Fedition.cnn.com%2F2020%2F09%2F10%2Fpolitics%2Fdonald-trump-coronavirus-bob-woodward-book%2Findex.html&hiddenArticleSourceURL=https%3A%2F%2Fedition.cnn.com%2F2020%2F09%2F10%2Fpolitics%2Fdonald-trump-coronavirus-bob-woodward-book%2Findex.html&articleImage=Screenshot+2020-11-16+at+12.29.17.png HTTP/1.1" 304 - "-" "Mozilla/5.0 (Linux; Android 6.0; Nexus 5 Build/MRA58N) AppleWebKit/537.36 (KHTML, like Gecko) Chrome/86.0.4240.193 Mobile Safari/537.36"
::1 - - [16/Nov/2020:21:42:31 +0000] "POST /api/get-article-by-source-url HTTP/1.1" 200 293 "-" "Mozilla/5.0 (Linux; Android 6.0; Nexus 5 Build/MRA58N) AppleWebKit/537.36 (KHTML, like Gecko) Chrome/86.0.4240.193 Mobile Safari/537.36"
::1 - - [16/Nov/2020:21:42:32 +0000] "POST /api/update-article HTTP/1.1" 500 148 "-" "Mozilla/5.0 (Linux; Android 6.0; Nexus 5 Build/MRA58N) AppleWebKit/537.36 (KHTML, like Gecko) Chrome/86.0.4240.193 Mobile Safari/537.36"
::1 - - [16/Nov/2020:21:44:30 +0000] "POST /api/get-article-by-source-url HTTP/1.1" 200 293 "-" "Mozilla/5.0 (Linux; Android 6.0; Nexus 5 Build/MRA58N) AppleWebKit/537.36 (KHTML, like Gecko) Chrome/86.0.4240.193 Mobile Safari/537.36"
::1 - - [16/Nov/2020:21:44:31 +0000] "POST /api/update-article HTTP/1.1" 200 358 "-" "Mozilla/5.0 (Linux; Android 6.0; Nexus 5 Build/MRA58N) AppleWebKit/537.36 (KHTML, like Gecko) Chrome/86.0.4240.193 Mobile Safari/537.36"
::1 - - [16/Nov/2020:21:44:31 +0000] "GET /admin/articles HTTP/1.1" 304 - "-" "Mozilla/5.0 (Linux; Android 6.0; Nexus 5 Build/MRA58N) AppleWebKit/537.36 (KHTML, like Gecko) Chrome/86.0.4240.193 Mobile Safari/537.36"
::1 - - [16/Nov/2020:21:49:24 +0000] "GET /admin/articles HTTP/1.1" 304 - "-" "Mozilla/5.0 (Linux; Android 6.0; Nexus 5 Build/MRA58N) AppleWebKit/537.36 (KHTML, like Gecko) Chrome/86.0.4240.193 Mobile Safari/537.36"
::1 - - [16/Nov/2020:21:49:28 +0000] "GET /admin/article/5f5bbec4b331238489637858 HTTP/1.1" 304 - "-" "Mozilla/5.0 (Linux; Android 6.0; Nexus 5 Build/MRA58N) AppleWebKit/537.36 (KHTML, like Gecko) Chrome/86.0.4240.193 Mobile Safari/537.36"
::1 - - [16/Nov/2020:21:49:33 +0000] "POST /api/get-article-by-source-url HTTP/1.1" 200 293 "-" "Mozilla/5.0 (Linux; Android 6.0; Nexus 5 Build/MRA58N) AppleWebKit/537.36 (KHTML, like Gecko) Chrome/86.0.4240.193 Mobile Safari/537.36"
::1 - - [16/Nov/2020:21:49:33 +0000] "POST /api/update-article HTTP/1.1" 200 358 "-" "Mozilla/5.0 (Linux; Android 6.0; Nexus 5 Build/MRA58N) AppleWebKit/537.36 (KHTML, like Gecko) Chrome/86.0.4240.193 Mobile Safari/537.36"
::1 - - [16/Nov/2020:21:49:33 +0000] "GET /admin/articles HTTP/1.1" 304 - "-" "Mozilla/5.0 (Linux; Android 6.0; Nexus 5 Build/MRA58N) AppleWebKit/537.36 (KHTML, like Gecko) Chrome/86.0.4240.193 Mobile Safari/537.36"
::1 - - [16/Nov/2020:21:50:08 +0000] "GET /admin/articles HTTP/1.1" 304 - "-" "Mozilla/5.0 (Linux; Android 6.0; Nexus 5 Build/MRA58N) AppleWebKit/537.36 (KHTML, like Gecko) Chrome/86.0.4240.193 Mobile Safari/537.36"
::1 - - [16/Nov/2020:21:50:10 +0000] "GET /admin/article/5f5bbec4b331238489637858 HTTP/1.1" 304 - "-" "Mozilla/5.0 (Linux; Android 6.0; Nexus 5 Build/MRA58N) AppleWebKit/537.36 (KHTML, like Gecko) Chrome/86.0.4240.193 Mobile Safari/537.36"
::1 - - [16/Nov/2020:21:50:18 +0000] "POST /api/get-article-by-source-url HTTP/1.1" 200 293 "-" "Mozilla/5.0 (Linux; Android 6.0; Nexus 5 Build/MRA58N) AppleWebKit/537.36 (KHTML, like Gecko) Chrome/86.0.4240.193 Mobile Safari/537.36"
::1 - - [16/Nov/2020:21:50:18 +0000] "POST /api/update-article HTTP/1.1" 200 359 "-" "Mozilla/5.0 (Linux; Android 6.0; Nexus 5 Build/MRA58N) AppleWebKit/537.36 (KHTML, like Gecko) Chrome/86.0.4240.193 Mobile Safari/537.36"
::1 - - [16/Nov/2020:21:50:18 +0000] "GET /admin/articles HTTP/1.1" 304 - "-" "Mozilla/5.0 (Linux; Android 6.0; Nexus 5 Build/MRA58N) AppleWebKit/537.36 (KHTML, like Gecko) Chrome/86.0.4240.193 Mobile Safari/537.36"
::1 - - [16/Nov/2020:21:52:10 +0000] "GET /admin/articles HTTP/1.1" 304 - "-" "Mozilla/5.0 (Linux; Android 6.0; Nexus 5 Build/MRA58N) AppleWebKit/537.36 (KHTML, like Gecko) Chrome/86.0.4240.193 Mobile Safari/537.36"
::1 - - [16/Nov/2020:21:52:18 +0000] "GET /admin/article/5f5bbec4b331238489637858 HTTP/1.1" 304 - "-" "Mozilla/5.0 (Linux; Android 6.0; Nexus 5 Build/MRA58N) AppleWebKit/537.36 (KHTML, like Gecko) Chrome/86.0.4240.193 Mobile Safari/537.36"
::1 - - [16/Nov/2020:21:52:21 +0000] "POST /api/get-article-by-source-url HTTP/1.1" 200 293 "-" "Mozilla/5.0 (Linux; Android 6.0; Nexus 5 Build/MRA58N) AppleWebKit/537.36 (KHTML, like Gecko) Chrome/86.0.4240.193 Mobile Safari/537.36"
::1 - - [16/Nov/2020:21:52:21 +0000] "POST /api/update-article HTTP/1.1" 200 358 "-" "Mozilla/5.0 (Linux; Android 6.0; Nexus 5 Build/MRA58N) AppleWebKit/537.36 (KHTML, like Gecko) Chrome/86.0.4240.193 Mobile Safari/537.36"
::1 - - [16/Nov/2020:21:52:21 +0000] "GET /admin/articles HTTP/1.1" 304 - "-" "Mozilla/5.0 (Linux; Android 6.0; Nexus 5 Build/MRA58N) AppleWebKit/537.36 (KHTML, like Gecko) Chrome/86.0.4240.193 Mobile Safari/537.36"
::1 - - [16/Nov/2020:21:56:18 +0000] "GET /admin/articles HTTP/1.1" 304 - "-" "Mozilla/5.0 (Linux; Android 6.0; Nexus 5 Build/MRA58N) AppleWebKit/537.36 (KHTML, like Gecko) Chrome/86.0.4240.193 Mobile Safari/537.36"
::1 - - [16/Nov/2020:21:56:21 +0000] "GET /admin/article/5f5bbec4b331238489637858 HTTP/1.1" 304 - "-" "Mozilla/5.0 (Linux; Android 6.0; Nexus 5 Build/MRA58N) AppleWebKit/537.36 (KHTML, like Gecko) Chrome/86.0.4240.193 Mobile Safari/537.36"
::1 - - [16/Nov/2020:21:56:25 +0000] "POST /api/get-article-by-source-url HTTP/1.1" 200 293 "-" "Mozilla/5.0 (Linux; Android 6.0; Nexus 5 Build/MRA58N) AppleWebKit/537.36 (KHTML, like Gecko) Chrome/86.0.4240.193 Mobile Safari/537.36"
::1 - - [16/Nov/2020:21:56:25 +0000] "POST /api/update-article HTTP/1.1" 200 358 "-" "Mozilla/5.0 (Linux; Android 6.0; Nexus 5 Build/MRA58N) AppleWebKit/537.36 (KHTML, like Gecko) Chrome/86.0.4240.193 Mobile Safari/537.36"
::1 - - [16/Nov/2020:21:56:25 +0000] "GET /admin/articles HTTP/1.1" 304 - "-" "Mozilla/5.0 (Linux; Android 6.0; Nexus 5 Build/MRA58N) AppleWebKit/537.36 (KHTML, like Gecko) Chrome/86.0.4240.193 Mobile Safari/537.36"
::1 - - [16/Nov/2020:21:58:29 +0000] "GET /admin/articles HTTP/1.1" 304 - "-" "Mozilla/5.0 (Linux; Android 6.0; Nexus 5 Build/MRA58N) AppleWebKit/537.36 (KHTML, like Gecko) Chrome/86.0.4240.193 Mobile Safari/537.36"
::1 - - [16/Nov/2020:21:58:31 +0000] "GET /admin/article/5f5bbec4b331238489637858 HTTP/1.1" 304 - "-" "Mozilla/5.0 (Linux; Android 6.0; Nexus 5 Build/MRA58N) AppleWebKit/537.36 (KHTML, like Gecko) Chrome/86.0.4240.193 Mobile Safari/537.36"
::1 - - [16/Nov/2020:21:58:35 +0000] "POST /api/get-article-by-source-url HTTP/1.1" 200 293 "-" "Mozilla/5.0 (Linux; Android 6.0; Nexus 5 Build/MRA58N) AppleWebKit/537.36 (KHTML, like Gecko) Chrome/86.0.4240.193 Mobile Safari/537.36"
::1 - - [16/Nov/2020:21:58:35 +0000] "POST /api/update-article HTTP/1.1" 200 358 "-" "Mozilla/5.0 (Linux; Android 6.0; Nexus 5 Build/MRA58N) AppleWebKit/537.36 (KHTML, like Gecko) Chrome/86.0.4240.193 Mobile Safari/537.36"
::1 - - [16/Nov/2020:21:58:35 +0000] "GET /admin/articles HTTP/1.1" 304 - "-" "Mozilla/5.0 (Linux; Android 6.0; Nexus 5 Build/MRA58N) AppleWebKit/537.36 (KHTML, like Gecko) Chrome/86.0.4240.193 Mobile Safari/537.36"
::1 - - [17/Nov/2020:07:52:20 +0000] "GET /admin/articles HTTP/1.1" 200 - "-" "Mozilla/5.0 (Macintosh; Intel Mac OS X 10_15_6) AppleWebKit/537.36 (KHTML, like Gecko) Chrome/86.0.4240.193 Safari/537.36"
::1 - - [17/Nov/2020:07:52:22 +0000] "GET /admin/article/5f5bbec4b331238489637858 HTTP/1.1" 200 - "-" "Mozilla/5.0 (Macintosh; Intel Mac OS X 10_15_6) AppleWebKit/537.36 (KHTML, like Gecko) Chrome/86.0.4240.193 Safari/537.36"
::1 - - [17/Nov/2020:07:52:27 +0000] "POST /api/get-article-by-source-url HTTP/1.1" 200 293 "-" "Mozilla/5.0 (Macintosh; Intel Mac OS X 10_15_6) AppleWebKit/537.36 (KHTML, like Gecko) Chrome/86.0.4240.193 Safari/537.36"
::1 - - [17/Nov/2020:07:52:27 +0000] "POST /api/update-article HTTP/1.1" 200 358 "-" "Mozilla/5.0 (Macintosh; Intel Mac OS X 10_15_6) AppleWebKit/537.36 (KHTML, like Gecko) Chrome/86.0.4240.193 Safari/537.36"
::1 - - [17/Nov/2020:07:52:27 +0000] "GET /admin/articles HTTP/1.1" 304 - "-" "Mozilla/5.0 (Macintosh; Intel Mac OS X 10_15_6) AppleWebKit/537.36 (KHTML, like Gecko) Chrome/86.0.4240.193 Safari/537.36"
::1 - - [17/Nov/2020:07:53:40 +0000] "GET /admin/articles HTTP/1.1" 304 - "-" "Mozilla/5.0 (Macintosh; Intel Mac OS X 10_15_6) AppleWebKit/537.36 (KHTML, like Gecko) Chrome/86.0.4240.193 Safari/537.36"
::1 - - [17/Nov/2020:07:53:42 +0000] "GET /admin/article/5f5bbec4b331238489637858 HTTP/1.1" 304 - "-" "Mozilla/5.0 (Macintosh; Intel Mac OS X 10_15_6) AppleWebKit/537.36 (KHTML, like Gecko) Chrome/86.0.4240.193 Safari/537.36"
::1 - - [17/Nov/2020:07:53:46 +0000] "POST /api/get-article-by-source-url HTTP/1.1" 200 293 "-" "Mozilla/5.0 (Macintosh; Intel Mac OS X 10_15_6) AppleWebKit/537.36 (KHTML, like Gecko) Chrome/86.0.4240.193 Safari/537.36"
::1 - - [17/Nov/2020:07:53:46 +0000] "POST /api/update-article HTTP/1.1" 200 358 "-" "Mozilla/5.0 (Macintosh; Intel Mac OS X 10_15_6) AppleWebKit/537.36 (KHTML, like Gecko) Chrome/86.0.4240.193 Safari/537.36"
::1 - - [17/Nov/2020:07:53:46 +0000] "GET /admin/articles HTTP/1.1" 304 - "-" "Mozilla/5.0 (Macintosh; Intel Mac OS X 10_15_6) AppleWebKit/537.36 (KHTML, like Gecko) Chrome/86.0.4240.193 Safari/537.36"
::1 - - [17/Nov/2020:07:58:48 +0000] "GET /admin/articles HTTP/1.1" 304 - "-" "Mozilla/5.0 (Macintosh; Intel Mac OS X 10_15_6) AppleWebKit/537.36 (KHTML, like Gecko) Chrome/86.0.4240.193 Safari/537.36"
::1 - - [17/Nov/2020:07:58:49 +0000] "GET /admin/article/5f5bbec4b331238489637858 HTTP/1.1" 304 - "-" "Mozilla/5.0 (Macintosh; Intel Mac OS X 10_15_6) AppleWebKit/537.36 (KHTML, like Gecko) Chrome/86.0.4240.193 Safari/537.36"
::1 - - [17/Nov/2020:07:58:52 +0000] "POST /api/get-article-by-source-url HTTP/1.1" 200 293 "-" "Mozilla/5.0 (Macintosh; Intel Mac OS X 10_15_6) AppleWebKit/537.36 (KHTML, like Gecko) Chrome/86.0.4240.193 Safari/537.36"
::1 - - [17/Nov/2020:07:58:52 +0000] "POST /api/update-article HTTP/1.1" 200 358 "-" "Mozilla/5.0 (Macintosh; Intel Mac OS X 10_15_6) AppleWebKit/537.36 (KHTML, like Gecko) Chrome/86.0.4240.193 Safari/537.36"
::1 - - [17/Nov/2020:07:58:52 +0000] "GET /admin/articles HTTP/1.1" 304 - "-" "Mozilla/5.0 (Macintosh; Intel Mac OS X 10_15_6) AppleWebKit/537.36 (KHTML, like Gecko) Chrome/86.0.4240.193 Safari/537.36"
::1 - - [17/Nov/2020:07:59:21 +0000] "GET /admin/articles HTTP/1.1" 304 - "-" "Mozilla/5.0 (Macintosh; Intel Mac OS X 10_15_6) AppleWebKit/537.36 (KHTML, like Gecko) Chrome/86.0.4240.193 Safari/537.36"
::1 - - [17/Nov/2020:07:59:22 +0000] "GET /admin/article/5f5bbec4b331238489637858 HTTP/1.1" 304 - "-" "Mozilla/5.0 (Macintosh; Intel Mac OS X 10_15_6) AppleWebKit/537.36 (KHTML, like Gecko) Chrome/86.0.4240.193 Safari/537.36"
::1 - - [17/Nov/2020:07:59:25 +0000] "POST /api/get-article-by-source-url HTTP/1.1" 200 293 "-" "Mozilla/5.0 (Macintosh; Intel Mac OS X 10_15_6) AppleWebKit/537.36 (KHTML, like Gecko) Chrome/86.0.4240.193 Safari/537.36"
::1 - - [17/Nov/2020:07:59:25 +0000] "POST /api/update-article HTTP/1.1" 500 148 "-" "Mozilla/5.0 (Macintosh; Intel Mac OS X 10_15_6) AppleWebKit/537.36 (KHTML, like Gecko) Chrome/86.0.4240.193 Safari/537.36"
::1 - - [17/Nov/2020:07:59:45 +0000] "GET /admin/article/5f5bbec4b331238489637858 HTTP/1.1" 304 - "-" "Mozilla/5.0 (Macintosh; Intel Mac OS X 10_15_6) AppleWebKit/537.36 (KHTML, like Gecko) Chrome/86.0.4240.193 Safari/537.36"
::1 - - [17/Nov/2020:07:59:47 +0000] "POST /api/get-article-by-source-url HTTP/1.1" 200 293 "-" "Mozilla/5.0 (Macintosh; Intel Mac OS X 10_15_6) AppleWebKit/537.36 (KHTML, like Gecko) Chrome/86.0.4240.193 Safari/537.36"
::1 - - [17/Nov/2020:07:59:47 +0000] "POST /api/update-article HTTP/1.1" 500 148 "-" "Mozilla/5.0 (Macintosh; Intel Mac OS X 10_15_6) AppleWebKit/537.36 (KHTML, like Gecko) Chrome/86.0.4240.193 Safari/537.36"
::1 - - [17/Nov/2020:07:59:53 +0000] "GET /admin/article/5f5bbec4b331238489637858 HTTP/1.1" 304 - "-" "Mozilla/5.0 (Macintosh; Intel Mac OS X 10_15_6) AppleWebKit/537.36 (KHTML, like Gecko) Chrome/86.0.4240.193 Safari/537.36"
::1 - - [17/Nov/2020:07:59:56 +0000] "GET /admin/article/5f5bbec4b331238489637858 HTTP/1.1" 304 - "-" "Mozilla/5.0 (Macintosh; Intel Mac OS X 10_15_6) AppleWebKit/537.36 (KHTML, like Gecko) Chrome/86.0.4240.193 Safari/537.36"
::1 - - [17/Nov/2020:07:59:58 +0000] "POST /api/get-article-by-source-url HTTP/1.1" 200 293 "-" "Mozilla/5.0 (Macintosh; Intel Mac OS X 10_15_6) AppleWebKit/537.36 (KHTML, like Gecko) Chrome/86.0.4240.193 Safari/537.36"
::1 - - [17/Nov/2020:07:59:58 +0000] "POST /api/update-article HTTP/1.1" 500 148 "-" "Mozilla/5.0 (Macintosh; Intel Mac OS X 10_15_6) AppleWebKit/537.36 (KHTML, like Gecko) Chrome/86.0.4240.193 Safari/537.36"
::1 - - [17/Nov/2020:08:00:40 +0000] "GET /admin/article/5f5bbec4b331238489637858 HTTP/1.1" 304 - "-" "Mozilla/5.0 (Macintosh; Intel Mac OS X 10_15_6) AppleWebKit/537.36 (KHTML, like Gecko) Chrome/86.0.4240.193 Safari/537.36"
::1 - - [17/Nov/2020:08:00:42 +0000] "POST /api/get-article-by-source-url HTTP/1.1" 200 293 "-" "Mozilla/5.0 (Macintosh; Intel Mac OS X 10_15_6) AppleWebKit/537.36 (KHTML, like Gecko) Chrome/86.0.4240.193 Safari/537.36"
::1 - - [17/Nov/2020:08:00:42 +0000] "POST /api/update-article HTTP/1.1" 500 148 "-" "Mozilla/5.0 (Macintosh; Intel Mac OS X 10_15_6) AppleWebKit/537.36 (KHTML, like Gecko) Chrome/86.0.4240.193 Safari/537.36"
::1 - - [17/Nov/2020:08:04:27 +0000] "GET /admin/article/5f5bbec4b331238489637858 HTTP/1.1" 304 - "-" "Mozilla/5.0 (Macintosh; Intel Mac OS X 10_15_6) AppleWebKit/537.36 (KHTML, like Gecko) Chrome/86.0.4240.193 Safari/537.36"
::1 - - [17/Nov/2020:08:04:43 +0000] "POST /api/get-article-by-source-url HTTP/1.1" 200 293 "-" "Mozilla/5.0 (Macintosh; Intel Mac OS X 10_15_6) AppleWebKit/537.36 (KHTML, like Gecko) Chrome/86.0.4240.193 Safari/537.36"
::1 - - [17/Nov/2020:08:04:43 +0000] "POST /api/update-article HTTP/1.1" 500 148 "-" "Mozilla/5.0 (Macintosh; Intel Mac OS X 10_15_6) AppleWebKit/537.36 (KHTML, like Gecko) Chrome/86.0.4240.193 Safari/537.36"
::1 - - [17/Nov/2020:08:04:53 +0000] "GET /admin/article/5f5bbec4b331238489637858 HTTP/1.1" 304 - "-" "Mozilla/5.0 (Macintosh; Intel Mac OS X 10_15_6) AppleWebKit/537.36 (KHTML, like Gecko) Chrome/86.0.4240.193 Safari/537.36"
::1 - - [17/Nov/2020:08:05:05 +0000] "POST /api/get-article-by-source-url HTTP/1.1" 200 293 "-" "Mozilla/5.0 (Macintosh; Intel Mac OS X 10_15_6) AppleWebKit/537.36 (KHTML, like Gecko) Chrome/86.0.4240.193 Safari/537.36"
::1 - - [17/Nov/2020:08:05:05 +0000] "POST /api/update-article HTTP/1.1" 500 148 "-" "Mozilla/5.0 (Macintosh; Intel Mac OS X 10_15_6) AppleWebKit/537.36 (KHTML, like Gecko) Chrome/86.0.4240.193 Safari/537.36"
::1 - - [17/Nov/2020:08:09:55 +0000] "GET /admin/article/5f5bbec4b331238489637858 HTTP/1.1" 304 - "-" "Mozilla/5.0 (Macintosh; Intel Mac OS X 10_15_6) AppleWebKit/537.36 (KHTML, like Gecko) Chrome/86.0.4240.193 Safari/537.36"
::1 - - [17/Nov/2020:08:10:08 +0000] "POST /api/get-article-by-source-url HTTP/1.1" 200 293 "-" "Mozilla/5.0 (Macintosh; Intel Mac OS X 10_15_6) AppleWebKit/537.36 (KHTML, like Gecko) Chrome/86.0.4240.193 Safari/537.36"
::1 - - [17/Nov/2020:08:10:09 +0000] "POST /api/update-article HTTP/1.1" 500 148 "-" "Mozilla/5.0 (Macintosh; Intel Mac OS X 10_15_6) AppleWebKit/537.36 (KHTML, like Gecko) Chrome/86.0.4240.193 Safari/537.36"
::1 - - [17/Nov/2020:08:11:56 +0000] "GET /admin/article/5f5bbec4b331238489637858 HTTP/1.1" 304 - "-" "Mozilla/5.0 (Macintosh; Intel Mac OS X 10_15_6) AppleWebKit/537.36 (KHTML, like Gecko) Chrome/86.0.4240.193 Safari/537.36"
::1 - - [17/Nov/2020:08:12:01 +0000] "POST /api/get-article-by-source-url HTTP/1.1" 200 293 "-" "Mozilla/5.0 (Macintosh; Intel Mac OS X 10_15_6) AppleWebKit/537.36 (KHTML, like Gecko) Chrome/86.0.4240.193 Safari/537.36"
::1 - - [17/Nov/2020:08:12:01 +0000] "POST /api/update-article HTTP/1.1" 200 358 "-" "Mozilla/5.0 (Macintosh; Intel Mac OS X 10_15_6) AppleWebKit/537.36 (KHTML, like Gecko) Chrome/86.0.4240.193 Safari/537.36"
::1 - - [17/Nov/2020:08:12:01 +0000] "GET /admin/articles HTTP/1.1" 304 - "-" "Mozilla/5.0 (Macintosh; Intel Mac OS X 10_15_6) AppleWebKit/537.36 (KHTML, like Gecko) Chrome/86.0.4240.193 Safari/537.36"
::1 - - [17/Nov/2020:11:15:09 +0000] "GET /admin/articles HTTP/1.1" 304 - "-" "Mozilla/5.0 (Macintosh; Intel Mac OS X 10_15_6) AppleWebKit/537.36 (KHTML, like Gecko) Chrome/86.0.4240.193 Safari/537.36"
::1 - - [17/Nov/2020:11:15:11 +0000] "GET /admin/article/5f5bbec4b331238489637858 HTTP/1.1" 200 - "-" "Mozilla/5.0 (Macintosh; Intel Mac OS X 10_15_6) AppleWebKit/537.36 (KHTML, like Gecko) Chrome/86.0.4240.193 Safari/537.36"
::1 - - [17/Nov/2020:11:15:22 +0000] "POST /api/get-article-by-source-url HTTP/1.1" 200 293 "-" "Mozilla/5.0 (Linux; Android 6.0; Nexus 5 Build/MRA58N) AppleWebKit/537.36 (KHTML, like Gecko) Chrome/86.0.4240.193 Mobile Safari/537.36"
::1 - - [17/Nov/2020:11:15:22 +0000] "POST /api/update-article HTTP/1.1" 200 358 "-" "Mozilla/5.0 (Linux; Android 6.0; Nexus 5 Build/MRA58N) AppleWebKit/537.36 (KHTML, like Gecko) Chrome/86.0.4240.193 Mobile Safari/537.36"
::1 - - [17/Nov/2020:11:15:22 +0000] "GET /admin/articles HTTP/1.1" 304 - "-" "Mozilla/5.0 (Linux; Android 6.0; Nexus 5 Build/MRA58N) AppleWebKit/537.36 (KHTML, like Gecko) Chrome/86.0.4240.193 Mobile Safari/537.36"
::1 - - [17/Nov/2020:11:17:49 +0000] "GET /admin/articles HTTP/1.1" 304 - "-" "Mozilla/5.0 (Linux; Android 6.0; Nexus 5 Build/MRA58N) AppleWebKit/537.36 (KHTML, like Gecko) Chrome/86.0.4240.193 Mobile Safari/537.36"
::1 - - [17/Nov/2020:11:17:52 +0000] "GET /admin/article/5f5bbec4b331238489637858 HTTP/1.1" 304 - "-" "Mozilla/5.0 (Linux; Android 6.0; Nexus 5 Build/MRA58N) AppleWebKit/537.36 (KHTML, like Gecko) Chrome/86.0.4240.193 Mobile Safari/537.36"
::1 - - [17/Nov/2020:11:18:00 +0000] "POST /api/get-article-by-source-url HTTP/1.1" 200 293 "-" "Mozilla/5.0 (Linux; Android 6.0; Nexus 5 Build/MRA58N) AppleWebKit/537.36 (KHTML, like Gecko) Chrome/86.0.4240.193 Mobile Safari/537.36"
::1 - - [17/Nov/2020:11:18:00 +0000] "POST /api/update-article HTTP/1.1" 200 358 "-" "Mozilla/5.0 (Linux; Android 6.0; Nexus 5 Build/MRA58N) AppleWebKit/537.36 (KHTML, like Gecko) Chrome/86.0.4240.193 Mobile Safari/537.36"
::1 - - [17/Nov/2020:11:41:34 +0000] "GET /admin/article/5f5bbec4b331238489637858 HTTP/1.1" 304 - "-" "Mozilla/5.0 (Linux; Android 6.0; Nexus 5 Build/MRA58N) AppleWebKit/537.36 (KHTML, like Gecko) Chrome/86.0.4240.193 Mobile Safari/537.36"
::1 - - [17/Nov/2020:11:42:18 +0000] "GET /admin/article/5f5bbec4b331238489637858 HTTP/1.1" 304 - "-" "Mozilla/5.0 (Linux; Android 6.0; Nexus 5 Build/MRA58N) AppleWebKit/537.36 (KHTML, like Gecko) Chrome/86.0.4240.193 Mobile Safari/537.36"
::1 - - [17/Nov/2020:11:42:23 +0000] "POST /api/get-article-by-source-url HTTP/1.1" 200 293 "-" "Mozilla/5.0 (Linux; Android 6.0; Nexus 5 Build/MRA58N) AppleWebKit/537.36 (KHTML, like Gecko) Chrome/86.0.4240.193 Mobile Safari/537.36"
::1 - - [17/Nov/2020:11:43:08 +0000] "GET /admin/article/5f5bbec4b331238489637858 HTTP/1.1" 304 - "-" "Mozilla/5.0 (Linux; Android 6.0; Nexus 5 Build/MRA58N) AppleWebKit/537.36 (KHTML, like Gecko) Chrome/86.0.4240.193 Mobile Safari/537.36"
::1 - - [17/Nov/2020:11:43:11 +0000] "POST /api/get-article-by-source-url HTTP/1.1" 200 293 "-" "Mozilla/5.0 (Linux; Android 6.0; Nexus 5 Build/MRA58N) AppleWebKit/537.36 (KHTML, like Gecko) Chrome/86.0.4240.193 Mobile Safari/537.36"
::1 - - [17/Nov/2020:11:43:12 +0000] "POST /api/update-article HTTP/1.1" 200 375 "-" "Mozilla/5.0 (Linux; Android 6.0; Nexus 5 Build/MRA58N) AppleWebKit/537.36 (KHTML, like Gecko) Chrome/86.0.4240.193 Mobile Safari/537.36"
::1 - - [17/Nov/2020:11:46:50 +0000] "GET /admin/article/5f5bbec4b331238489637858 HTTP/1.1" 304 - "-" "Mozilla/5.0 (Linux; Android 6.0; Nexus 5 Build/MRA58N) AppleWebKit/537.36 (KHTML, like Gecko) Chrome/86.0.4240.193 Mobile Safari/537.36"
::1 - - [17/Nov/2020:11:47:01 +0000] "POST /api/get-article-by-source-url HTTP/1.1" 200 293 "-" "Mozilla/5.0 (Linux; Android 6.0; Nexus 5 Build/MRA58N) AppleWebKit/537.36 (KHTML, like Gecko) Chrome/86.0.4240.193 Mobile Safari/537.36"
::1 - - [17/Nov/2020:11:47:02 +0000] "POST /api/update-article HTTP/1.1" 200 375 "-" "Mozilla/5.0 (Linux; Android 6.0; Nexus 5 Build/MRA58N) AppleWebKit/537.36 (KHTML, like Gecko) Chrome/86.0.4240.193 Mobile Safari/537.36"
::1 - - [17/Nov/2020:11:54:55 +0000] "POST /api/get-article-by-source-url HTTP/1.1" 200 293 "-" "Mozilla/5.0 (Linux; Android 6.0; Nexus 5 Build/MRA58N) AppleWebKit/537.36 (KHTML, like Gecko) Chrome/86.0.4240.193 Mobile Safari/537.36"
::1 - - [17/Nov/2020:11:54:55 +0000] "POST /api/update-article HTTP/1.1" 500 148 "-" "Mozilla/5.0 (Linux; Android 6.0; Nexus 5 Build/MRA58N) AppleWebKit/537.36 (KHTML, like Gecko) Chrome/86.0.4240.193 Mobile Safari/537.36"
::1 - - [17/Nov/2020:11:59:59 +0000] "GET /admin/article/5f5bbec4b331238489637858 HTTP/1.1" 304 - "-" "Mozilla/5.0 (Linux; Android 6.0; Nexus 5 Build/MRA58N) AppleWebKit/537.36 (KHTML, like Gecko) Chrome/86.0.4240.193 Mobile Safari/537.36"
::1 - - [17/Nov/2020:12:03:33 +0000] "GET /admin/article/5f5bbec4b331238489637858 HTTP/1.1" 304 - "-" "Mozilla/5.0 (Linux; Android 6.0; Nexus 5 Build/MRA58N) AppleWebKit/537.36 (KHTML, like Gecko) Chrome/86.0.4240.193 Mobile Safari/537.36"
::1 - - [17/Nov/2020:12:09:45 +0000] "GET /admin/article/5f5bbec4b331238489637858 HTTP/1.1" 304 - "-" "Mozilla/5.0 (Linux; Android 6.0; Nexus 5 Build/MRA58N) AppleWebKit/537.36 (KHTML, like Gecko) Chrome/86.0.4240.193 Mobile Safari/537.36"
::1 - - [17/Nov/2020:12:09:50 +0000] "POST /api/get-article-by-source-url HTTP/1.1" 200 293 "-" "Mozilla/5.0 (Linux; Android 6.0; Nexus 5 Build/MRA58N) AppleWebKit/537.36 (KHTML, like Gecko) Chrome/86.0.4240.193 Mobile Safari/537.36"
::1 - - [17/Nov/2020:12:10:13 +0000] "GET /admin/article/5f5bbec4b331238489637858 HTTP/1.1" 304 - "-" "Mozilla/5.0 (Linux; Android 6.0; Nexus 5 Build/MRA58N) AppleWebKit/537.36 (KHTML, like Gecko) Chrome/86.0.4240.193 Mobile Safari/537.36"
::1 - - [17/Nov/2020:12:10:17 +0000] "POST /api/get-article-by-source-url HTTP/1.1" 200 293 "-" "Mozilla/5.0 (Linux; Android 6.0; Nexus 5 Build/MRA58N) AppleWebKit/537.36 (KHTML, like Gecko) Chrome/86.0.4240.193 Mobile Safari/537.36"
::1 - - [17/Nov/2020:12:12:35 +0000] "GET /admin/article/5f5bbec4b331238489637858 HTTP/1.1" 304 - "-" "Mozilla/5.0 (Linux; Android 6.0; Nexus 5 Build/MRA58N) AppleWebKit/537.36 (KHTML, like Gecko) Chrome/86.0.4240.193 Mobile Safari/537.36"
::1 - - [17/Nov/2020:12:12:39 +0000] "POST /api/get-article-by-source-url HTTP/1.1" 200 293 "-" "Mozilla/5.0 (Linux; Android 6.0; Nexus 5 Build/MRA58N) AppleWebKit/537.36 (KHTML, like Gecko) Chrome/86.0.4240.193 Mobile Safari/537.36"
::1 - - [17/Nov/2020:12:12:40 +0000] "POST /api/update-article HTTP/1.1" 500 148 "-" "Mozilla/5.0 (Linux; Android 6.0; Nexus 5 Build/MRA58N) AppleWebKit/537.36 (KHTML, like Gecko) Chrome/86.0.4240.193 Mobile Safari/537.36"
::1 - - [17/Nov/2020:12:14:09 +0000] "GET /admin/article/5f5bbec4b331238489637858 HTTP/1.1" 304 - "-" "Mozilla/5.0 (Linux; Android 6.0; Nexus 5 Build/MRA58N) AppleWebKit/537.36 (KHTML, like Gecko) Chrome/86.0.4240.193 Mobile Safari/537.36"
::1 - - [17/Nov/2020:12:14:13 +0000] "POST /api/get-article-by-source-url HTTP/1.1" 200 293 "-" "Mozilla/5.0 (Linux; Android 6.0; Nexus 5 Build/MRA58N) AppleWebKit/537.36 (KHTML, like Gecko) Chrome/86.0.4240.193 Mobile Safari/537.36"
::1 - - [17/Nov/2020:12:14:13 +0000] "POST /api/update-article HTTP/1.1" 500 148 "-" "Mozilla/5.0 (Linux; Android 6.0; Nexus 5 Build/MRA58N) AppleWebKit/537.36 (KHTML, like Gecko) Chrome/86.0.4240.193 Mobile Safari/537.36"
::1 - - [17/Nov/2020:12:14:28 +0000] "GET /admin/article/5f5bbec4b331238489637858 HTTP/1.1" 304 - "-" "Mozilla/5.0 (Linux; Android 6.0; Nexus 5 Build/MRA58N) AppleWebKit/537.36 (KHTML, like Gecko) Chrome/86.0.4240.193 Mobile Safari/537.36"
::1 - - [17/Nov/2020:12:14:33 +0000] "POST /api/get-article-by-source-url HTTP/1.1" 200 293 "-" "Mozilla/5.0 (Linux; Android 6.0; Nexus 5 Build/MRA58N) AppleWebKit/537.36 (KHTML, like Gecko) Chrome/86.0.4240.193 Mobile Safari/537.36"
::1 - - [17/Nov/2020:12:14:33 +0000] "POST /api/update-article HTTP/1.1" 200 375 "-" "Mozilla/5.0 (Linux; Android 6.0; Nexus 5 Build/MRA58N) AppleWebKit/537.36 (KHTML, like Gecko) Chrome/86.0.4240.193 Mobile Safari/537.36"
::1 - - [17/Nov/2020:12:16:07 +0000] "GET /admin/article/5f5bbec4b331238489637858 HTTP/1.1" 304 - "-" "Mozilla/5.0 (Linux; Android 6.0; Nexus 5 Build/MRA58N) AppleWebKit/537.36 (KHTML, like Gecko) Chrome/86.0.4240.193 Mobile Safari/537.36"
::1 - - [17/Nov/2020:12:16:11 +0000] "POST /api/get-article-by-source-url HTTP/1.1" 200 293 "-" "Mozilla/5.0 (Linux; Android 6.0; Nexus 5 Build/MRA58N) AppleWebKit/537.36 (KHTML, like Gecko) Chrome/86.0.4240.193 Mobile Safari/537.36"
::1 - - [17/Nov/2020:12:16:12 +0000] "POST /api/update-article HTTP/1.1" 200 375 "-" "Mozilla/5.0 (Linux; Android 6.0; Nexus 5 Build/MRA58N) AppleWebKit/537.36 (KHTML, like Gecko) Chrome/86.0.4240.193 Mobile Safari/537.36"
::1 - - [17/Nov/2020:12:26:36 +0000] "GET /admin/article/5f5bbec4b331238489637858 HTTP/1.1" 304 - "-" "Mozilla/5.0 (Linux; Android 6.0; Nexus 5 Build/MRA58N) AppleWebKit/537.36 (KHTML, like Gecko) Chrome/86.0.4240.193 Mobile Safari/537.36"
::1 - - [17/Nov/2020:12:26:42 +0000] "POST /api/get-article-by-source-url HTTP/1.1" 200 293 "-" "Mozilla/5.0 (Linux; Android 6.0; Nexus 5 Build/MRA58N) AppleWebKit/537.36 (KHTML, like Gecko) Chrome/86.0.4240.193 Mobile Safari/537.36"
::1 - - [17/Nov/2020:12:26:42 +0000] "POST /api/update-article HTTP/1.1" 200 359 "-" "Mozilla/5.0 (Linux; Android 6.0; Nexus 5 Build/MRA58N) AppleWebKit/537.36 (KHTML, like Gecko) Chrome/86.0.4240.193 Mobile Safari/537.36"
::1 - - [17/Nov/2020:12:29:16 +0000] "GET /admin/article/5f5bbec4b331238489637858 HTTP/1.1" 304 - "-" "Mozilla/5.0 (Linux; Android 6.0; Nexus 5 Build/MRA58N) AppleWebKit/537.36 (KHTML, like Gecko) Chrome/86.0.4240.193 Mobile Safari/537.36"
::1 - - [17/Nov/2020:12:29:22 +0000] "POST /api/get-article-by-source-url HTTP/1.1" 200 293 "-" "Mozilla/5.0 (Linux; Android 6.0; Nexus 5 Build/MRA58N) AppleWebKit/537.36 (KHTML, like Gecko) Chrome/86.0.4240.193 Mobile Safari/537.36"
::1 - - [17/Nov/2020:12:29:23 +0000] "POST /api/update-article HTTP/1.1" 200 358 "-" "Mozilla/5.0 (Linux; Android 6.0; Nexus 5 Build/MRA58N) AppleWebKit/537.36 (KHTML, like Gecko) Chrome/86.0.4240.193 Mobile Safari/537.36"
::1 - - [17/Nov/2020:13:06:18 +0000] "GET /admin/article/5f5bbec4b331238489637858 HTTP/1.1" 304 - "-" "Mozilla/5.0 (Linux; Android 6.0; Nexus 5 Build/MRA58N) AppleWebKit/537.36 (KHTML, like Gecko) Chrome/86.0.4240.193 Mobile Safari/537.36"
::1 - - [17/Nov/2020:13:06:22 +0000] "GET /admin/article/5f5bbec4b331238489637858 HTTP/1.1" 304 - "-" "Mozilla/5.0 (Linux; Android 6.0; Nexus 5 Build/MRA58N) AppleWebKit/537.36 (KHTML, like Gecko) Chrome/86.0.4240.193 Mobile Safari/537.36"
::1 - - [17/Nov/2020:13:06:27 +0000] "POST /api/get-article-by-source-url HTTP/1.1" 200 293 "-" "Mozilla/5.0 (Linux; Android 6.0; Nexus 5 Build/MRA58N) AppleWebKit/537.36 (KHTML, like Gecko) Chrome/86.0.4240.193 Mobile Safari/537.36"
::1 - - [17/Nov/2020:13:06:28 +0000] "POST /api/update-article HTTP/1.1" 200 358 "-" "Mozilla/5.0 (Linux; Android 6.0; Nexus 5 Build/MRA58N) AppleWebKit/537.36 (KHTML, like Gecko) Chrome/86.0.4240.193 Mobile Safari/537.36"
::1 - - [17/Nov/2020:13:14:21 +0000] "GET /admin/article/5f5bbec4b331238489637858 HTTP/1.1" 304 - "-" "Mozilla/5.0 (Linux; Android 6.0; Nexus 5 Build/MRA58N) AppleWebKit/537.36 (KHTML, like Gecko) Chrome/86.0.4240.193 Mobile Safari/537.36"
::1 - - [17/Nov/2020:13:14:27 +0000] "POST /api/get-article-by-source-url HTTP/1.1" 200 293 "-" "Mozilla/5.0 (Linux; Android 6.0; Nexus 5 Build/MRA58N) AppleWebKit/537.36 (KHTML, like Gecko) Chrome/86.0.4240.193 Mobile Safari/537.36"
::1 - - [17/Nov/2020:13:14:29 +0000] "POST /api/update-article HTTP/1.1" 200 358 "-" "Mozilla/5.0 (Linux; Android 6.0; Nexus 5 Build/MRA58N) AppleWebKit/537.36 (KHTML, like Gecko) Chrome/86.0.4240.193 Mobile Safari/537.36"
::1 - - [17/Nov/2020:13:16:54 +0000] "GET /admin/article/5f5bbec4b331238489637858 HTTP/1.1" 304 - "-" "Mozilla/5.0 (Linux; Android 6.0; Nexus 5 Build/MRA58N) AppleWebKit/537.36 (KHTML, like Gecko) Chrome/86.0.4240.193 Mobile Safari/537.36"
::1 - - [17/Nov/2020:13:16:58 +0000] "POST /api/get-article-by-source-url HTTP/1.1" 200 293 "-" "Mozilla/5.0 (Linux; Android 6.0; Nexus 5 Build/MRA58N) AppleWebKit/537.36 (KHTML, like Gecko) Chrome/86.0.4240.193 Mobile Safari/537.36"
::1 - - [17/Nov/2020:13:17:00 +0000] "POST /api/update-article HTTP/1.1" 200 358 "-" "Mozilla/5.0 (Linux; Android 6.0; Nexus 5 Build/MRA58N) AppleWebKit/537.36 (KHTML, like Gecko) Chrome/86.0.4240.193 Mobile Safari/537.36"
::1 - - [17/Nov/2020:13:28:30 +0000] "GET /admin/article/5f5bbec4b331238489637858 HTTP/1.1" 304 - "-" "Mozilla/5.0 (Linux; Android 6.0; Nexus 5 Build/MRA58N) AppleWebKit/537.36 (KHTML, like Gecko) Chrome/86.0.4240.193 Mobile Safari/537.36"
::1 - - [17/Nov/2020:13:28:32 +0000] "POST /api/get-article-by-source-url HTTP/1.1" 200 293 "-" "Mozilla/5.0 (Linux; Android 6.0; Nexus 5 Build/MRA58N) AppleWebKit/537.36 (KHTML, like Gecko) Chrome/86.0.4240.193 Mobile Safari/537.36"
::1 - - [17/Nov/2020:13:28:32 +0000] "POST /api/update-article HTTP/1.1" 500 148 "-" "Mozilla/5.0 (Linux; Android 6.0; Nexus 5 Build/MRA58N) AppleWebKit/537.36 (KHTML, like Gecko) Chrome/86.0.4240.193 Mobile Safari/537.36"
::1 - - [17/Nov/2020:13:28:37 +0000] "POST /api/get-article-by-source-url HTTP/1.1" 200 293 "-" "Mozilla/5.0 (Linux; Android 6.0; Nexus 5 Build/MRA58N) AppleWebKit/537.36 (KHTML, like Gecko) Chrome/86.0.4240.193 Mobile Safari/537.36"
::1 - - [17/Nov/2020:13:28:40 +0000] "POST /api/update-article HTTP/1.1" 200 358 "-" "Mozilla/5.0 (Linux; Android 6.0; Nexus 5 Build/MRA58N) AppleWebKit/537.36 (KHTML, like Gecko) Chrome/86.0.4240.193 Mobile Safari/537.36"
::1 - - [17/Nov/2020:13:35:09 +0000] "GET /admin/article/5f5bbec4b331238489637858 HTTP/1.1" 304 - "-" "Mozilla/5.0 (Linux; Android 6.0; Nexus 5 Build/MRA58N) AppleWebKit/537.36 (KHTML, like Gecko) Chrome/86.0.4240.193 Mobile Safari/537.36"
::1 - - [17/Nov/2020:13:35:14 +0000] "POST /api/get-article-by-source-url HTTP/1.1" 200 293 "-" "Mozilla/5.0 (Linux; Android 6.0; Nexus 5 Build/MRA58N) AppleWebKit/537.36 (KHTML, like Gecko) Chrome/86.0.4240.193 Mobile Safari/537.36"
::1 - - [17/Nov/2020:13:35:19 +0000] "POST /api/update-article HTTP/1.1" 200 359 "-" "Mozilla/5.0 (Linux; Android 6.0; Nexus 5 Build/MRA58N) AppleWebKit/537.36 (KHTML, like Gecko) Chrome/86.0.4240.193 Mobile Safari/537.36"
::1 - - [17/Nov/2020:15:10:05 +0000] "GET /admin/articles HTTP/1.1" 500 148 "-" "Mozilla/5.0 (Linux; Android 6.0; Nexus 5 Build/MRA58N) AppleWebKit/537.36 (KHTML, like Gecko) Chrome/86.0.4240.193 Mobile Safari/537.36"
::1 - - [17/Nov/2020:15:25:48 +0000] "GET / HTTP/1.1" 200 - "-" "Mozilla/5.0 (Linux; Android 6.0; Nexus 5 Build/MRA58N) AppleWebKit/537.36 (KHTML, like Gecko) Chrome/86.0.4240.193 Mobile Safari/537.36"
::1 - - [17/Nov/2020:15:25:51 +0000] "GET /admin/articles HTTP/1.1" 500 148 "-" "Mozilla/5.0 (Linux; Android 6.0; Nexus 5 Build/MRA58N) AppleWebKit/537.36 (KHTML, like Gecko) Chrome/86.0.4240.193 Mobile Safari/537.36"
::1 - - [17/Nov/2020:15:29:55 +0000] "GET /admin/articles HTTP/1.1" 500 148 "-" "Mozilla/5.0 (Linux; Android 6.0; Nexus 5 Build/MRA58N) AppleWebKit/537.36 (KHTML, like Gecko) Chrome/86.0.4240.193 Mobile Safari/537.36"
::1 - - [17/Nov/2020:15:30:56 +0000] "GET /admin/add-article HTTP/1.1" 200 - "-" "Mozilla/5.0 (Linux; Android 6.0; Nexus 5 Build/MRA58N) AppleWebKit/537.36 (KHTML, like Gecko) Chrome/86.0.4240.193 Mobile Safari/537.36"
::1 - - [17/Nov/2020:15:31:07 +0000] "GET /admin/article/5f5bbec4b331238489637858 HTTP/1.1" 304 - "-" "Mozilla/5.0 (Macintosh; Intel Mac OS X 10_15_6) AppleWebKit/537.36 (KHTML, like Gecko) Chrome/86.0.4240.193 Safari/537.36"
::1 - - [17/Nov/2020:15:31:16 +0000] "GET /admin/add-article HTTP/1.1" 304 - "-" "Mozilla/5.0 (Macintosh; Intel Mac OS X 10_15_6) AppleWebKit/537.36 (KHTML, like Gecko) Chrome/86.0.4240.193 Safari/537.36"
::1 - - [17/Nov/2020:15:36:03 +0000] "GET /admin/add-article HTTP/1.1" 304 - "-" "Mozilla/5.0 (Linux; Android 6.0; Nexus 5 Build/MRA58N) AppleWebKit/537.36 (KHTML, like Gecko) Chrome/86.0.4240.193 Mobile Safari/537.36"
::1 - - [17/Nov/2020:15:36:13 +0000] "GET /admin/add-article HTTP/1.1" 304 - "-" "Mozilla/5.0 (Linux; Android 6.0; Nexus 5 Build/MRA58N) AppleWebKit/537.36 (KHTML, like Gecko) Chrome/86.0.4240.193 Mobile Safari/537.36"
::1 - - [17/Nov/2020:15:36:33 +0000] "POST /api/get-article-by-source-url HTTP/1.1" 200 36 "-" "Mozilla/5.0 (Linux; Android 6.0; Nexus 5 Build/MRA58N) AppleWebKit/537.36 (KHTML, like Gecko) Chrome/86.0.4240.193 Mobile Safari/537.36"
::1 - - [17/Nov/2020:15:36:34 +0000] "POST /api/add-new-article HTTP/1.1" 200 808 "-" "Mozilla/5.0 (Linux; Android 6.0; Nexus 5 Build/MRA58N) AppleWebKit/537.36 (KHTML, like Gecko) Chrome/86.0.4240.193 Mobile Safari/537.36"
::1 - - [17/Nov/2020:15:36:35 +0000] "GET /admin/articles HTTP/1.1" 500 148 "-" "Mozilla/5.0 (Linux; Android 6.0; Nexus 5 Build/MRA58N) AppleWebKit/537.36 (KHTML, like Gecko) Chrome/86.0.4240.193 Mobile Safari/537.36"
::1 - - [17/Nov/2020:16:08:19 +0000] "GET /admin/articles HTTP/1.1" 500 148 "-" "Mozilla/5.0 (Linux; Android 6.0; Nexus 5 Build/MRA58N) AppleWebKit/537.36 (KHTML, like Gecko) Chrome/86.0.4240.193 Mobile Safari/537.36"
::1 - - [17/Nov/2020:16:08:21 +0000] "GET /admin/articles HTTP/1.1" 500 148 "-" "Mozilla/5.0 (Linux; Android 6.0; Nexus 5 Build/MRA58N) AppleWebKit/537.36 (KHTML, like Gecko) Chrome/86.0.4240.193 Mobile Safari/537.36"
::1 - - [17/Nov/2020:16:10:02 +0000] "GET /admin/articles HTTP/1.1" 200 - "-" "Mozilla/5.0 (Linux; Android 6.0; Nexus 5 Build/MRA58N) AppleWebKit/537.36 (KHTML, like Gecko) Chrome/86.0.4240.193 Mobile Safari/537.36"
::1 - - [17/Nov/2020:16:15:16 +0000] "GET /admin/articles HTTP/1.1" 304 - "-" "Mozilla/5.0 (Macintosh; Intel Mac OS X 10_15_6) AppleWebKit/537.36 (KHTML, like Gecko) Chrome/86.0.4240.193 Safari/537.36"
::1 - - [17/Nov/2020:16:15:51 +0000] "GET /admin/article/5fb3b7505cbaeec8e7ef8eaa HTTP/1.1" 200 - "-" "Mozilla/5.0 (Macintosh; Intel Mac OS X 10_15_6) AppleWebKit/537.36 (KHTML, like Gecko) Chrome/86.0.4240.193 Safari/537.36"
::1 - - [18/Nov/2020:07:22:17 +0000] "GET /admin/articles HTTP/1.1" 500 148 "-" "Mozilla/5.0 (Macintosh; Intel Mac OS X 10_15_6) AppleWebKit/537.36 (KHTML, like Gecko) Chrome/86.0.4240.193 Safari/537.36"
::1 - - [18/Nov/2020:07:22:19 +0000] "GET /admin/articles HTTP/1.1" 500 148 "-" "Mozilla/5.0 (Macintosh; Intel Mac OS X 10_15_6) AppleWebKit/537.36 (KHTML, like Gecko) Chrome/86.0.4240.193 Safari/537.36"
::1 - - [18/Nov/2020:07:22:21 +0000] "GET /admin/article/5f5bbec4b331238489637858 HTTP/1.1" 200 - "-" "Mozilla/5.0 (Macintosh; Intel Mac OS X 10_15_6) AppleWebKit/537.36 (KHTML, like Gecko) Chrome/86.0.4240.193 Safari/537.36"
::1 - - [18/Nov/2020:07:22:23 +0000] "GET /admin/article/5f5bbec4b331238489637858 HTTP/1.1" 304 - "-" "Mozilla/5.0 (Macintosh; Intel Mac OS X 10_15_6) AppleWebKit/537.36 (KHTML, like Gecko) Chrome/86.0.4240.193 Safari/537.36"
::1 - - [18/Nov/2020:07:22:34 +0000] "GET / HTTP/1.1" 200 - "-" "Mozilla/5.0 (Macintosh; Intel Mac OS X 10_15_6) AppleWebKit/537.36 (KHTML, like Gecko) Chrome/86.0.4240.193 Safari/537.36"
::1 - - [18/Nov/2020:07:22:35 +0000] "GET /admin/articles HTTP/1.1" 500 148 "-" "Mozilla/5.0 (Macintosh; Intel Mac OS X 10_15_6) AppleWebKit/537.36 (KHTML, like Gecko) Chrome/86.0.4240.193 Safari/537.36"
::1 - - [18/Nov/2020:07:32:31 +0000] "GET /admin/articles HTTP/1.1" 200 - "-" "Mozilla/5.0 (Macintosh; Intel Mac OS X 10_15_6) AppleWebKit/537.36 (KHTML, like Gecko) Chrome/86.0.4240.193 Safari/537.36"
::1 - - [18/Nov/2020:08:53:16 +0000] "GET /admin/articles HTTP/1.1" 304 - "-" "Mozilla/5.0 (Macintosh; Intel Mac OS X 10_15_6) AppleWebKit/537.36 (KHTML, like Gecko) Chrome/86.0.4240.193 Safari/537.36"
::1 - - [30/Nov/2020:10:03:19 +0000] "GET /test-shopify HTTP/1.1" 404 151 "-" "Mozilla/5.0 (Macintosh; Intel Mac OS X 10_15_6) AppleWebKit/537.36 (KHTML, like Gecko) Chrome/87.0.4280.67 Safari/537.36"
::1 - - [30/Nov/2020:10:06:47 +0000] "GET /api/test-shopify HTTP/1.1" 400 15 "-" "Mozilla/5.0 (Macintosh; Intel Mac OS X 10_15_6) AppleWebKit/537.36 (KHTML, like Gecko) Chrome/87.0.4280.67 Safari/537.36"
::1 - - [30/Nov/2020:10:10:48 +0000] "GET /api/test-shopify HTTP/1.1" 400 41 "-" "Mozilla/5.0 (Macintosh; Intel Mac OS X 10_15_6) AppleWebKit/537.36 (KHTML, like Gecko) Chrome/87.0.4280.67 Safari/537.36"
::1 - - [30/Nov/2020:12:43:29 +0000] "GET /api/test-shopify HTTP/1.1" 400 41 "-" "Mozilla/5.0 (Macintosh; Intel Mac OS X 10_15_6) AppleWebKit/537.36 (KHTML, like Gecko) Chrome/87.0.4280.67 Safari/537.36"
::1 - - [30/Nov/2020:12:44:04 +0000] "GET /api/test-shopify HTTP/1.1" 400 41 "-" "Mozilla/5.0 (Macintosh; Intel Mac OS X 10_15_6) AppleWebKit/537.36 (KHTML, like Gecko) Chrome/87.0.4280.67 Safari/537.36"
::1 - - [30/Nov/2020:12:44:32 +0000] "GET /api/test-shopify HTTP/1.1" 400 41 "-" "Mozilla/5.0 (Macintosh; Intel Mac OS X 10_15_6) AppleWebKit/537.36 (KHTML, like Gecko) Chrome/87.0.4280.67 Safari/537.36"
